<?xml version="1.0" encoding="UTF-8"?>
<testng-results ignored="0" total="2" passed="2" failed="0" skipped="0">
  <reporter-output>
  </reporter-output>
  <suite started-at="2024-08-31T20:26:32 IST" name="Default suite" finished-at="2024-08-31T20:27:52 IST" duration-ms="79114">
    <groups>
    </groups>
    <test started-at="2024-08-31T20:26:32 IST" name="Default test" finished-at="2024-08-31T20:27:52 IST" duration-ms="79114">
      <class name="cs.Script1">
        <test-method signature="Test_In_Chrome()[pri:0, instance:cs.Script1@73e22a3d]" started-at="2024-08-31T20:26:32 IST" name="Test_In_Chrome" finished-at="2024-08-31T20:27:10 IST" duration-ms="37516" status="PASS">
          <reporter-output>
          </reporter-output>
        </test-method> <!-- Test_In_Chrome -->
        <test-method signature="Test_In_Firefox()[pri:0, instance:cs.Script1@73e22a3d]" started-at="2024-08-31T20:27:10 IST" name="Test_In_Firefox" finished-at="2024-08-31T20:27:52 IST" duration-ms="41547" status="PASS">
          <reporter-output>
          </reporter-output>
        </test-method> <!-- Test_In_Firefox -->
      </class> <!-- cs.Script1 -->
    </test> <!-- Default test -->
  </suite> <!-- Default suite -->
</testng-results>
